{
  "RSpec": {
    "coverage": {
      "/Users/mitchashby16/3module/moodmusic/spec/features/a_logged_in_user_can_listen_to_exciting_music_spec.rb": [
        1,
        null,
        1,
        null,
        1,
        1,
        1,
        null,
        1,
        null,
        null,
        1,
        1,
        null,
        null
      ],
      "/Users/mitchashby16/3module/moodmusic/spec/rails_helper.rb": [
        null,
        1,
        1,
        null,
        1,
        1,
        1,
        null,
        null,
        null,
        null,
        null,
        null,
        null,
        null,
        null,
        null,
        null,
        null,
        null,
        null,
        null,
        null,
        null,
        null,
        null,
        1,
        null,
        1,
        null,
        1,
        null,
        null,
        null,
        null,
        1,
        null,
        null,
        null,
        null,
        null,
        null,
        null,
        null,
        null,
        null,
        null,
        null,
        null,
        null,
        1,
        null
      ],
      "/Users/mitchashby16/3module/moodmusic/config/environment.rb": [
        null,
        1,
        null,
        null,
        1
      ],
      "/Users/mitchashby16/3module/moodmusic/config/application.rb": [
        1,
        null,
        1,
        null,
        1,
        1,
        1,
        1,
        1,
        1,
        1,
        null,
        null,
        null,
        null,
        1,
        1,
        1,
        null,
        null,
        null,
        null,
        null,
        null,
        null,
        null,
        null,
        null,
        null,
        null,
        null,
        1,
        null,
        null
      ],
      "/Users/mitchashby16/3module/moodmusic/config/boot.rb": [
        1,
        null,
        1
      ],
      "/Users/mitchashby16/3module/moodmusic/config/environments/test.rb": [
        1,
        null,
        null,
        null,
        null,
        null,
        null,
        1,
        null,
        null,
        null,
        null,
        1,
        null,
        null,
        1,
        1,
        null,
        null,
        1,
        1,
        null,
        null,
        1,
        null,
        null,
        1,
        null,
        null,
        null,
        null,
        1,
        null,
        null,
        1,
        null,
        null,
        1,
        null,
        null,
        null,
        null
      ],
      "/Users/mitchashby16/3module/moodmusic/config/initializers/assets.rb": [
        null,
        null,
        null,
        1,
        1,
        null,
        null,
        null,
        null,
        null,
        null
      ],
      "/Users/mitchashby16/3module/moodmusic/config/initializers/backtrace_silencers.rb": [
        null,
        null,
        null,
        null,
        null,
        null,
        null
      ],
      "/Users/mitchashby16/3module/moodmusic/config/initializers/cookies_serializer.rb": [
        null,
        null,
        1
      ],
      "/Users/mitchashby16/3module/moodmusic/config/initializers/filter_parameter_logging.rb": [
        null,
        null,
        null,
        1
      ],
      "/Users/mitchashby16/3module/moodmusic/config/initializers/inflections.rb": [
        null,
        null,
        null,
        null,
        null,
        null,
        null,
        null,
        null,
        null,
        null,
        null,
        null,
        null,
        null,
        null
      ],
      "/Users/mitchashby16/3module/moodmusic/config/initializers/mime_types.rb": [
        null,
        null,
        null,
        null
      ],
      "/Users/mitchashby16/3module/moodmusic/config/initializers/omni.rb": [
        1,
        1,
        null
      ],
      "/Users/mitchashby16/3module/moodmusic/config/initializers/sentimentalizer_initializer.rb": [
        1,
        null,
        1,
        1,
        1,
        null,
        null
      ],
      "/Users/mitchashby16/3module/moodmusic/config/initializers/session_store.rb": [
        null,
        null,
        1
      ],
      "/Users/mitchashby16/3module/moodmusic/config/initializers/wrap_parameters.rb": [
        null,
        null,
        null,
        null,
        null,
        null,
        1,
        1,
        null,
        null,
        null,
        null,
        null,
        null
      ],
      "/Users/mitchashby16/3module/moodmusic/config/routes.rb": [
        1,
        1,
        null,
        1,
        1,
        1,
        1,
        1,
        1,
        1,
        1,
        1,
        null,
        1,
        1,
        1,
        1,
        1,
        1,
        null,
        1,
        1,
        1,
        1,
        null,
        1,
        1,
        1,
        1,
        null,
        1,
        1,
        1,
        1,
        null,
        1,
        1,
        1,
        1,
        null,
        1,
        1,
        1,
        1,
        null,
        1,
        1,
        1,
        1,
        null,
        1,
        1,
        1,
        1,
        null,
        null,
        null
      ],
      "/Users/mitchashby16/3module/moodmusic/app/helpers/api/v1/exciteds_helper.rb": [
        1,
        null
      ],
      "/Users/mitchashby16/3module/moodmusic/app/helpers/application_helper.rb": [
        1,
        null
      ],
      "/Users/mitchashby16/3module/moodmusic/app/helpers/sessions_helper.rb": [
        1,
        null
      ],
      "/Users/mitchashby16/3module/moodmusic/app/helpers/users_helper.rb": [
        1,
        null
      ],
      "/Users/mitchashby16/3module/moodmusic/spec/features/a_user_can_see_calm_music_spec.rb": [
        1,
        null,
        1,
        null,
        1,
        1,
        1,
        null,
        1,
        null,
        null,
        1,
        1,
        null,
        null
      ],
      "/Users/mitchashby16/3module/moodmusic/spec/features/a_user_can_see_content_music_spec.rb": [
        1,
        null,
        1,
        null,
        1,
        1,
        1,
        null,
        1,
        null,
        null,
        1,
        1,
        null,
        null
      ],
      "/Users/mitchashby16/3module/moodmusic/spec/features/a_user_can_see_mad_music_spec.rb": [
        1,
        null,
        1,
        null,
        1,
        1,
        1,
        null,
        1,
        null,
        null,
        1,
        1,
        null,
        null
      ],
      "/Users/mitchashby16/3module/moodmusic/spec/features/a_user_can_see_sad_music_spec.rb": [
        1,
        null,
        1,
        null,
        1,
        1,
        1,
        null,
        1,
        null,
        null,
        1,
        1,
        null,
        null
      ],
      "/Users/mitchashby16/3module/moodmusic/spec/features/a_user_can_see_the_welcome_page_spec.rb": [
        1,
        null,
        1,
        null,
        1,
        1,
        null,
        null,
        1,
        1,
        null,
        null,
        null
      ],
      "/Users/mitchashby16/3module/moodmusic/spec/features/a_user_can_see_uncomfortable_music_spec.rb": [
        1,
        null,
        1,
        null,
        1,
        1,
        1,
        null,
        1,
        null,
        null,
        1,
        1,
        null,
        null
      ],
      "/Users/mitchashby16/3module/moodmusic/spec/models/calm_spec.rb": [
        1,
        null,
        1,
        1,
        1,
        null,
        null
      ],
      "/Users/mitchashby16/3module/moodmusic/spec/models/content_spec.rb": [
        1,
        null,
        1,
        1,
        1,
        null,
        null
      ],
      "/Users/mitchashby16/3module/moodmusic/spec/models/excited_spec.rb": [
        1,
        null,
        1,
        1,
        1,
        null,
        null
      ],
      "/Users/mitchashby16/3module/moodmusic/spec/models/happy_spec.rb": [
        1,
        null,
        1,
        1,
        1,
        null,
        null
      ],
      "/Users/mitchashby16/3module/moodmusic/spec/models/mad_spec.rb": [
        1,
        null,
        1,
        1,
        1,
        null,
        null
      ],
      "/Users/mitchashby16/3module/moodmusic/spec/models/uncomfortable_spec.rb": [
        1,
        null,
        1,
        1,
        1,
        null,
        null
      ],
      "/Users/mitchashby16/3module/moodmusic/spec/models/upset_spec.rb": [
        1,
        null,
        1,
        1,
        1,
        null,
        null
      ],
      "/Users/mitchashby16/3module/moodmusic/spec/models/user_spec.rb": [
        1,
        1,
        1,
        null,
        1,
        2,
        null,
        null,
        1,
        1,
        null,
        null,
        1,
        null,
        null
      ],
      "/Users/mitchashby16/3module/moodmusic/app/models/user.rb": [
        1,
        1,
        0,
        null,
        0,
        0,
        0,
        0,
        0,
        0,
        null,
        0,
        null,
        null,
        1,
        0,
        null,
        null,
        1,
        0,
        null,
        null,
        1,
        0,
        null,
        null,
        1,
        0,
        null,
        null
      ],
      "/Users/mitchashby16/3module/moodmusic/app/controllers/application_controller.rb": [
        1,
        null,
        null,
        1,
        1,
        null,
        1,
        0,
        null,
        null,
        1,
        6,
        null,
        null
      ],
      "/Users/mitchashby16/3module/moodmusic/app/controllers/users_controller.rb": [
        1,
        1,
        null
      ],
      "/Users/mitchashby16/3module/moodmusic/app/controllers/welcome_controller.rb": [
        1,
        null,
        1,
        null,
        null,
        null
      ],
      "/Users/mitchashby16/3module/moodmusic/app/models/calm.rb": [
        1,
        null
      ],
      "/Users/mitchashby16/3module/moodmusic/app/models/content.rb": [
        1,
        null
      ],
      "/Users/mitchashby16/3module/moodmusic/app/models/excited.rb": [
        1,
        null
      ],
      "/Users/mitchashby16/3module/moodmusic/app/models/happy.rb": [
        1,
        null
      ],
      "/Users/mitchashby16/3module/moodmusic/app/models/mad.rb": [
        1,
        null
      ],
      "/Users/mitchashby16/3module/moodmusic/app/models/uncomfortable.rb": [
        1,
        null
      ],
      "/Users/mitchashby16/3module/moodmusic/app/models/upset.rb": [
        1,
        null
      ]
    },
    "timestamp": 1443661695
  }
}
